<?xml version="1.0" encoding="UTF-8"?>
<testsuite xmlns:xsi="http://www.w3.org/2001/XMLSchema-instance" xsi:noNamespaceSchemaLocation="https://maven.apache.org/surefire/maven-surefire-plugin/xsd/surefire-test-report.xsd" name="BankAccountTest" time="0.001" tests="8" errors="0" skipped="0" failures="0">
  <properties>
[...]
</properties>
  <testcase name="testDepositTimeout" classname="BankAccountTest" time="0"/>
  <testcase name="testNoWithdrawBelowMinimum" classname="BankAccountTest" time="0"/>
  <testcase name="testWithdraw" classname="BankAccountTest" time="0"/>
  <testcase name="testeWithdrawNotStuckAtZero" classname="BankAccountTest" time="0"/>
  <testcase name="testDeposit" classname="BankAccountTest" time="0"/>
  <testcase name="testActive" classname="BankAccountTest" time="0"/>
  <testcase name="testWithdrawAndDepositWithoutExceptions" classname="BankAccountTest" time="0"/>
  <testcase name="testHolderNameSet" classname="BankAccountTest" time="0"/>
</testsuite>